Apache Maven 3.0.5 (r01de14724cdef164cd33c7c8c2fe155faf9602da; 2013-02-19 05:51:28-0800)
Maven home: C:\Maven\apache-maven-3.0.5
Java version: 1.7.0_07, vendor: Oracle Corporation
Java home: C:\Program Files\Java\jdk1.7.0_07\jre
Default locale: en_US, platform encoding: Cp1252
OS name: "windows 7", version: "6.1", arch: "amd64", family: "windows"
[INFO] Error stacktraces are turned on.
[DEBUG] Reading global settings from C:\Maven\apache-maven-3.0.5\conf\settings.xml
[DEBUG] Reading user settings from C:\Users\3121xNB\.m2\settings.xml
[DEBUG] Using local repository at C:\Users\3121xNB\.m2\repository
[DEBUG] Using manager EnhancedLocalRepositoryManager with priority 10 for C:\Users\3121xNB\.m2\repository
[INFO] Scanning for projects...
[DEBUG] com.jayway.maven.plugins.android.generation2:android-maven-plugin:jar:3.5.0:
[DEBUG]    com.android.ddmlib:ddmlib:jar:r16:compile
[DEBUG]    org.apache.maven:maven-artifact:jar:3.0.3:compile
[DEBUG]    org.apache.maven:maven-model:jar:3.0.3:compile
[DEBUG]    org.apache.maven:maven-plugin-api:jar:3.0.3:compile
[DEBUG]       org.sonatype.sisu:sisu-inject-plexus:jar:2.1.1:compile
[DEBUG]          org.sonatype.sisu:sisu-inject-bean:jar:2.1.1:compile
[DEBUG]             org.sonatype.sisu:sisu-guice:jar:no_aop:2.9.4:compile
[DEBUG]    org.apache.maven:maven-compat:jar:3.0.3:compile
[DEBUG]       org.apache.maven:maven-model-builder:jar:3.0.3:compile
[DEBUG]       org.apache.maven:maven-settings:jar:3.0.3:compile
[DEBUG]       org.codehaus.plexus:plexus-interpolation:jar:1.14:compile
[DEBUG]       org.codehaus.plexus:plexus-component-annotations:jar:1.5.5:compile
[DEBUG]       org.apache.maven.wagon:wagon-provider-api:jar:1.0-beta-7:compile
[DEBUG]    org.apache.maven:maven-core:jar:3.0.3:compile
[DEBUG]       org.apache.maven:maven-settings-builder:jar:3.0.3:compile
[DEBUG]       org.apache.maven:maven-repository-metadata:jar:3.0.3:compile
[DEBUG]       org.apache.maven:maven-aether-provider:jar:3.0.3:compile
[DEBUG]          org.sonatype.aether:aether-spi:jar:1.11:compile
[DEBUG]       org.sonatype.aether:aether-impl:jar:1.11:compile
[DEBUG]       org.codehaus.plexus:plexus-classworlds:jar:2.4:compile
[DEBUG]       org.sonatype.plexus:plexus-sec-dispatcher:jar:1.3:compile
[DEBUG]          org.sonatype.plexus:plexus-cipher:jar:1.4:compile
[DEBUG]    org.apache.maven:maven-archiver:jar:2.5:compile
[DEBUG]    emma:emma:jar:2.1.5320:compile
[DEBUG]    org.codehaus.plexus:plexus-archiver:jar:2.2:compile
[DEBUG]       org.codehaus.plexus:plexus-container-default:jar:1.0-alpha-9-stable-1:compile
[DEBUG]          junit:junit:jar:3.8.1:compile
[DEBUG]          classworlds:classworlds:jar:1.1-alpha-2:compile
[DEBUG]       org.codehaus.plexus:plexus-io:jar:2.0.4:compile
[DEBUG]    org.codehaus.plexus:plexus-utils:jar:3.0.10:compile
[DEBUG]    commons-jxpath:commons-jxpath:jar:1.3:compile
[DEBUG]    commons-io:commons-io:jar:2.4:compile
[DEBUG]    org.ow2.asm:asm:jar:4.1:compile
[DEBUG]    commons-lang:commons-lang:jar:2.6:compile
[DEBUG]    org.sonatype.aether:aether-api:jar:1.13.1:compile
[DEBUG]    org.sonatype.aether:aether-util:jar:1.13.1:compile
[DEBUG]    com.github.rtyley:android-screenshot-paparazzo:jar:1.8:compile
[DEBUG]       com.madgag:animated-gif-lib:jar:1.0:compile
[DEBUG] Created new class realm maven.api
[DEBUG] Importing foreign packages into class realm maven.api
[DEBUG]   Imported: org.apache.maven.wagon.events < plexus.core
[DEBUG]   Imported: org.sonatype.aether.transfer < plexus.core
[DEBUG]   Imported: org.apache.maven.exception < plexus.core
[DEBUG]   Imported: org.sonatype.aether.metadata < plexus.core
[DEBUG]   Imported: org.codehaus.plexus.util.xml.Xpp3Dom < plexus.core
[DEBUG]   Imported: org.sonatype.aether.collection < plexus.core
[DEBUG]   Imported: org.sonatype.aether.version < plexus.core
[DEBUG]   Imported: org.apache.maven.monitor < plexus.core
[DEBUG]   Imported: org.apache.maven.wagon.repository < plexus.core
[DEBUG]   Imported: org.apache.maven.repository < plexus.core
[DEBUG]   Imported: org.apache.maven.wagon.resource < plexus.core
[DEBUG]   Imported: org.codehaus.plexus.logging < plexus.core
[DEBUG]   Imported: org.apache.maven.profiles < plexus.core
[DEBUG]   Imported: org.sonatype.aether.repository < plexus.core
[DEBUG]   Imported: org.apache.maven.classrealm < plexus.core
[DEBUG]   Imported: org.apache.maven.execution < plexus.core
[DEBUG]   Imported: org.sonatype.aether.artifact < plexus.core
[DEBUG]   Imported: org.sonatype.aether.spi < plexus.core
[DEBUG]   Imported: org.apache.maven.reporting < plexus.core
[DEBUG]   Imported: org.apache.maven.usability < plexus.core
[DEBUG]   Imported: org.codehaus.plexus.container < plexus.core
[DEBUG]   Imported: org.codehaus.plexus.component < plexus.core
[DEBUG]   Imported: org.codehaus.plexus.util.xml.pull.XmlSerializer < plexus.core
[DEBUG]   Imported: org.apache.maven.wagon.authentication < plexus.core
[DEBUG]   Imported: org.apache.maven.lifecycle < plexus.core
[DEBUG]   Imported: org.codehaus.plexus.classworlds < plexus.core
[DEBUG]   Imported: org.sonatype.aether.graph < plexus.core
[DEBUG]   Imported: org.sonatype.aether.* < plexus.core
[DEBUG]   Imported: org.apache.maven.settings < plexus.core
[DEBUG]   Imported: org.codehaus.classworlds < plexus.core
[DEBUG]   Imported: org.sonatype.aether.impl < plexus.core
[DEBUG]   Imported: org.apache.maven.wagon.* < plexus.core
[DEBUG]   Imported: org.apache.maven.toolchain < plexus.core
[DEBUG]   Imported: org.sonatype.aether.deployment < plexus.core
[DEBUG]   Imported: org.apache.maven.wagon.observers < plexus.core
[DEBUG]   Imported: org.codehaus.plexus.util.xml.pull.XmlPullParserException < plexus.core
[DEBUG]   Imported: org.codehaus.plexus.util.xml.pull.XmlPullParser < plexus.core
[DEBUG]   Imported: org.apache.maven.configuration < plexus.core
[DEBUG]   Imported: org.apache.maven.cli < plexus.core
[DEBUG]   Imported: org.sonatype.aether.installation < plexus.core
[DEBUG]   Imported: org.codehaus.plexus.context < plexus.core
[DEBUG]   Imported: org.apache.maven.wagon.authorization < plexus.core
[DEBUG]   Imported: org.apache.maven.project < plexus.core
[DEBUG]   Imported: org.apache.maven.rtinfo < plexus.core
[DEBUG]   Imported: org.codehaus.plexus.lifecycle < plexus.core
[DEBUG]   Imported: org.codehaus.plexus.configuration < plexus.core
[DEBUG]   Imported: org.apache.maven.artifact < plexus.core
[DEBUG]   Imported: org.apache.maven.model < plexus.core
[DEBUG]   Imported: org.apache.maven.* < plexus.core
[DEBUG]   Imported: org.apache.maven.wagon.proxy < plexus.core
[DEBUG]   Imported: org.sonatype.aether.resolution < plexus.core
[DEBUG]   Imported: org.apache.maven.plugin < plexus.core
[DEBUG]   Imported: org.codehaus.plexus.* < plexus.core
[DEBUG]   Imported: org.codehaus.plexus.personality < plexus.core
[DEBUG] Populating class realm maven.api
[DEBUG] Created new class realm extension>com.jayway.maven.plugins.android.generation2:android-maven-plugin:3.5.0
[DEBUG] Importing foreign packages into class realm extension>com.jayway.maven.plugins.android.generation2:android-maven-plugin:3.5.0
[DEBUG]   Imported:  < maven.api
[DEBUG] Populating class realm extension>com.jayway.maven.plugins.android.generation2:android-maven-plugin:3.5.0
[DEBUG]   Included: com.jayway.maven.plugins.android.generation2:android-maven-plugin:jar:3.5.0
[DEBUG]   Included: com.android.ddmlib:ddmlib:jar:r16
[DEBUG]   Included: org.sonatype.sisu:sisu-inject-bean:jar:2.1.1
[DEBUG]   Included: org.sonatype.sisu:sisu-guice:jar:no_aop:2.9.4
[DEBUG]   Included: org.codehaus.plexus:plexus-interpolation:jar:1.14
[DEBUG]   Included: org.codehaus.plexus:plexus-component-annotations:jar:1.5.5
[DEBUG]   Included: org.sonatype.plexus:plexus-sec-dispatcher:jar:1.3
[DEBUG]   Included: org.sonatype.plexus:plexus-cipher:jar:1.4
[DEBUG]   Included: org.apache.maven:maven-archiver:jar:2.5
[DEBUG]   Included: emma:emma:jar:2.1.5320
[DEBUG]   Included: org.codehaus.plexus:plexus-archiver:jar:2.2
[DEBUG]   Included: junit:junit:jar:3.8.1
[DEBUG]   Included: org.codehaus.plexus:plexus-io:jar:2.0.4
[DEBUG]   Included: org.codehaus.plexus:plexus-utils:jar:3.0.10
[DEBUG]   Included: commons-jxpath:commons-jxpath:jar:1.3
[DEBUG]   Included: commons-io:commons-io:jar:2.4
[DEBUG]   Included: org.ow2.asm:asm:jar:4.1
[DEBUG]   Included: commons-lang:commons-lang:jar:2.6
[DEBUG]   Included: org.sonatype.aether:aether-util:jar:1.13.1
[DEBUG]   Included: com.github.rtyley:android-screenshot-paparazzo:jar:1.8
[DEBUG]   Included: com.madgag:animated-gif-lib:jar:1.0
[DEBUG] Extension realms for project com.robotoatmeal.android:RobotOatmealAndroidApp:apk:1.0-SNAPSHOT: [ClassRealm[extension>com.jayway.maven.plugins.android.generation2:android-maven-plugin:3.5.0, parent: sun.misc.Launcher$AppClassLoader@224478fe]]
[DEBUG] Created new class realm project>com.robotoatmeal.android:RobotOatmealAndroidApp:1.0-SNAPSHOT
[DEBUG] Populating class realm project>com.robotoatmeal.android:RobotOatmealAndroidApp:1.0-SNAPSHOT
[DEBUG] Looking up lifecyle mappings for packaging apk from ClassRealm[project>com.robotoatmeal.android:RobotOatmealAndroidApp:1.0-SNAPSHOT, parent: ClassRealm[maven.api, parent: null]]
[DEBUG] === REACTOR BUILD PLAN ================================================
[DEBUG] Project: com.robotoatmeal.android:RobotOatmealAndroidApp:apk:1.0-SNAPSHOT
[DEBUG] Tasks:   [clean, install]
[DEBUG] Style:   Regular
[DEBUG] =======================================================================
[INFO]                                                                         
[INFO] ------------------------------------------------------------------------
[INFO] Building RobotOatmealAndroidApp 1.0-SNAPSHOT
[INFO] ------------------------------------------------------------------------
[DEBUG] Resolving plugin version for org.apache.maven.plugins:maven-install-plugin
[DEBUG] Could not find metadata org.apache.maven.plugins:maven-install-plugin/maven-metadata.xml in local (C:\Users\3121xNB\.m2\repository)
[DEBUG] Skipped remote update check for org.apache.maven.plugins:maven-install-plugin/maven-metadata.xml, locally cached metadata up-to-date.
[DEBUG] Resolved plugin version for org.apache.maven.plugins:maven-install-plugin to 2.4 from repository central (http://repo.maven.apache.org/maven2, releases)
[DEBUG] Resolving plugin version for org.apache.maven.plugins:maven-resources-plugin
[DEBUG] Could not find metadata org.apache.maven.plugins:maven-resources-plugin/maven-metadata.xml in local (C:\Users\3121xNB\.m2\repository)
[DEBUG] Skipped remote update check for org.apache.maven.plugins:maven-resources-plugin/maven-metadata.xml, locally cached metadata up-to-date.
[DEBUG] Resolved plugin version for org.apache.maven.plugins:maven-resources-plugin to 2.6 from repository central (http://repo.maven.apache.org/maven2, releases)
[DEBUG] Resolving plugin version for org.apache.maven.plugins:maven-surefire-plugin
[DEBUG] Could not find metadata org.apache.maven.plugins:maven-surefire-plugin/maven-metadata.xml in local (C:\Users\3121xNB\.m2\repository)
[DEBUG] Skipped remote update check for org.apache.maven.plugins:maven-surefire-plugin/maven-metadata.xml, locally cached metadata up-to-date.
[DEBUG] Resolved plugin version for org.apache.maven.plugins:maven-surefire-plugin to 2.14.1 from repository central (http://repo.maven.apache.org/maven2, releases)
[DEBUG] Resolving plugin version for org.apache.maven.plugins:maven-jar-plugin
[DEBUG] Could not find metadata org.apache.maven.plugins:maven-jar-plugin/maven-metadata.xml in local (C:\Users\3121xNB\.m2\repository)
[DEBUG] Skipped remote update check for org.apache.maven.plugins:maven-jar-plugin/maven-metadata.xml, locally cached metadata up-to-date.
[DEBUG] Resolved plugin version for org.apache.maven.plugins:maven-jar-plugin to 2.4 from repository central (http://repo.maven.apache.org/maven2, releases)
[DEBUG] Resolving plugin version for org.apache.maven.plugins:maven-deploy-plugin
[DEBUG] Could not find metadata org.apache.maven.plugins:maven-deploy-plugin/maven-metadata.xml in local (C:\Users\3121xNB\.m2\repository)
[DEBUG] Skipped remote update check for org.apache.maven.plugins:maven-deploy-plugin/maven-metadata.xml, locally cached metadata up-to-date.
[DEBUG] Resolved plugin version for org.apache.maven.plugins:maven-deploy-plugin to 2.7 from repository central (http://repo.maven.apache.org/maven2, releases)
[DEBUG] Lifecycle default -> [validate, initialize, generate-sources, process-sources, generate-resources, process-resources, compile, process-classes, generate-test-sources, process-test-sources, generate-test-resources, process-test-resources, test-compile, process-test-classes, test, prepare-package, package, pre-integration-test, integration-test, post-integration-test, verify, install, deploy]
[DEBUG] Lifecycle clean -> [pre-clean, clean, post-clean]
[DEBUG] Lifecycle site -> [pre-site, site, post-site, site-deploy]
[DEBUG] Lifecycle default -> [validate, initialize, generate-sources, process-sources, generate-resources, process-resources, compile, process-classes, generate-test-sources, process-test-sources, generate-test-resources, process-test-resources, test-compile, process-test-classes, test, prepare-package, package, pre-integration-test, integration-test, post-integration-test, verify, install, deploy]
[DEBUG] Lifecycle clean -> [pre-clean, clean, post-clean]
[DEBUG] Lifecycle site -> [pre-site, site, post-site, site-deploy]
[DEBUG] Lifecycle default -> [validate, initialize, generate-sources, process-sources, generate-resources, process-resources, compile, process-classes, generate-test-sources, process-test-sources, generate-test-resources, process-test-resources, test-compile, process-test-classes, test, prepare-package, package, pre-integration-test, integration-test, post-integration-test, verify, install, deploy]
[DEBUG] Lifecycle clean -> [pre-clean, clean, post-clean]
[DEBUG] Lifecycle site -> [pre-site, site, post-site, site-deploy]
[DEBUG] Lifecycle default -> [validate, initialize, generate-sources, process-sources, generate-resources, process-resources, compile, process-classes, generate-test-sources, process-test-sources, generate-test-resources, process-test-resources, test-compile, process-test-classes, test, prepare-package, package, pre-integration-test, integration-test, post-integration-test, verify, install, deploy]
[DEBUG] Lifecycle clean -> [pre-clean, clean, post-clean]
[DEBUG] Lifecycle site -> [pre-site, site, post-site, site-deploy]
[DEBUG] Lifecycle default -> [validate, initialize, generate-sources, process-sources, generate-resources, process-resources, compile, process-classes, generate-test-sources, process-test-sources, generate-test-resources, process-test-resources, test-compile, process-test-classes, test, prepare-package, package, pre-integration-test, integration-test, post-integration-test, verify, install, deploy]
[DEBUG] Lifecycle clean -> [pre-clean, clean, post-clean]
[DEBUG] Lifecycle site -> [pre-site, site, post-site, site-deploy]
[DEBUG] Lifecycle default -> [validate, initialize, generate-sources, process-sources, generate-resources, process-resources, compile, process-classes, generate-test-sources, process-test-sources, generate-test-resources, process-test-resources, test-compile, process-test-classes, test, prepare-package, package, pre-integration-test, integration-test, post-integration-test, verify, install, deploy]
[DEBUG] Lifecycle clean -> [pre-clean, clean, post-clean]
[DEBUG] Lifecycle site -> [pre-site, site, post-site, site-deploy]
[DEBUG] Lifecycle default -> [validate, initialize, generate-sources, process-sources, generate-resources, process-resources, compile, process-classes, generate-test-sources, process-test-sources, generate-test-resources, process-test-resources, test-compile, process-test-classes, test, prepare-package, package, pre-integration-test, integration-test, post-integration-test, verify, install, deploy]
[DEBUG] Lifecycle clean -> [pre-clean, clean, post-clean]
[DEBUG] Lifecycle site -> [pre-site, site, post-site, site-deploy]
[DEBUG] Lifecycle default -> [validate, initialize, generate-sources, process-sources, generate-resources, process-resources, compile, process-classes, generate-test-sources, process-test-sources, generate-test-resources, process-test-resources, test-compile, process-test-classes, test, prepare-package, package, pre-integration-test, integration-test, post-integration-test, verify, install, deploy]
[DEBUG] Lifecycle clean -> [pre-clean, clean, post-clean]
[DEBUG] Lifecycle site -> [pre-site, site, post-site, site-deploy]
[DEBUG] Lifecycle default -> [validate, initialize, generate-sources, process-sources, generate-resources, process-resources, compile, process-classes, generate-test-sources, process-test-sources, generate-test-resources, process-test-resources, test-compile, process-test-classes, test, prepare-package, package, pre-integration-test, integration-test, post-integration-test, verify, install, deploy]
[DEBUG] Lifecycle clean -> [pre-clean, clean, post-clean]
[DEBUG] Lifecycle site -> [pre-site, site, post-site, site-deploy]
[DEBUG] Lifecycle default -> [validate, initialize, generate-sources, process-sources, generate-resources, process-resources, compile, process-classes, generate-test-sources, process-test-sources, generate-test-resources, process-test-resources, test-compile, process-test-classes, test, prepare-package, package, pre-integration-test, integration-test, post-integration-test, verify, install, deploy]
[DEBUG] Lifecycle clean -> [pre-clean, clean, post-clean]
[DEBUG] Lifecycle site -> [pre-site, site, post-site, site-deploy]
[DEBUG] Lifecycle default -> [validate, initialize, generate-sources, process-sources, generate-resources, process-resources, compile, process-classes, generate-test-sources, process-test-sources, generate-test-resources, process-test-resources, test-compile, process-test-classes, test, prepare-package, package, pre-integration-test, integration-test, post-integration-test, verify, install, deploy]
[DEBUG] Lifecycle clean -> [pre-clean, clean, post-clean]
[DEBUG] Lifecycle site -> [pre-site, site, post-site, site-deploy]
[DEBUG] Lifecycle default -> [validate, initialize, generate-sources, process-sources, generate-resources, process-resources, compile, process-classes, generate-test-sources, process-test-sources, generate-test-resources, process-test-resources, test-compile, process-test-classes, test, prepare-package, package, pre-integration-test, integration-test, post-integration-test, verify, install, deploy]
[DEBUG] Lifecycle clean -> [pre-clean, clean, post-clean]
[DEBUG] Lifecycle site -> [pre-site, site, post-site, site-deploy]
[DEBUG] Lifecycle default -> [validate, initialize, generate-sources, process-sources, generate-resources, process-resources, compile, process-classes, generate-test-sources, process-test-sources, generate-test-resources, process-test-resources, test-compile, process-test-classes, test, prepare-package, package, pre-integration-test, integration-test, post-integration-test, verify, install, deploy]
[DEBUG] Lifecycle clean -> [pre-clean, clean, post-clean]
[DEBUG] Lifecycle site -> [pre-site, site, post-site, site-deploy]
[DEBUG] Lifecycle default -> [validate, initialize, generate-sources, process-sources, generate-resources, process-resources, compile, process-classes, generate-test-sources, process-test-sources, generate-test-resources, process-test-resources, test-compile, process-test-classes, test, prepare-package, package, pre-integration-test, integration-test, post-integration-test, verify, install, deploy]
[DEBUG] Lifecycle clean -> [pre-clean, clean, post-clean]
[DEBUG] Lifecycle site -> [pre-site, site, post-site, site-deploy]
[DEBUG] Lifecycle default -> [validate, initialize, generate-sources, process-sources, generate-resources, process-resources, compile, process-classes, generate-test-sources, process-test-sources, generate-test-resources, process-test-resources, test-compile, process-test-classes, test, prepare-package, package, pre-integration-test, integration-test, post-integration-test, verify, install, deploy]
[DEBUG] Lifecycle clean -> [pre-clean, clean, post-clean]
[DEBUG] Lifecycle site -> [pre-site, site, post-site, site-deploy]
[DEBUG] === PROJECT BUILD PLAN ================================================
[DEBUG] Project:       com.robotoatmeal.android:RobotOatmealAndroidApp:1.0-SNAPSHOT
[DEBUG] Dependencies (collect): []
[DEBUG] Dependencies (resolve): [compile, runtime, test]
[DEBUG] Repositories (dependencies): [central (http://repo.maven.apache.org/maven2, releases)]
[DEBUG] Repositories (plugins)     : [central (http://repo.maven.apache.org/maven2, releases)]
[DEBUG] -----------------------------------------------------------------------
[DEBUG] Goal:          org.apache.maven.plugins:maven-clean-plugin:2.4.1:clean (default-clean)
[DEBUG] Style:         Regular
[DEBUG] Configuration: <?xml version="1.0" encoding="UTF-8"?>
<configuration>
  <directory default-value="${project.build.directory}"/>
  <excludeDefaultDirectories default-value="false">${clean.excludeDefaultDirectories}</excludeDefaultDirectories>
  <failOnError default-value="true">${maven.clean.failOnError}</failOnError>
  <followSymLinks default-value="false">${clean.followSymLinks}</followSymLinks>
  <outputDirectory default-value="${project.build.outputDirectory}"/>
  <reportDirectory default-value="${project.reporting.outputDirectory}"/>
  <skip default-value="false">${clean.skip}</skip>
  <testOutputDirectory default-value="${project.build.testOutputDirectory}"/>
  <verbose>${clean.verbose}</verbose>
</configuration>
[DEBUG] -----------------------------------------------------------------------
[DEBUG] Goal:          com.jayway.maven.plugins.android.generation2:android-maven-plugin:3.5.0:generate-sources (default-generate-sources)
[DEBUG] Style:         Regular
[DEBUG] Configuration: <?xml version="1.0" encoding="UTF-8"?>
<configuration>
  <aaptExtraArgs>${android.aaptExtraArgs}</aaptExtraArgs>
  <androidManifestFile default-value="${project.basedir}/AndroidManifest.xml"/>
  <assetsDirectory default-value="${project.basedir}/assets"/>
  <attachJar default-value="true">${android.attachJar}</attachJar>
  <attachSources default-value="false">${android.attachSources}</attachSources>
  <combinedAssets>${project.build.directory}/generated-sources/combined-assets/assets</combinedAssets>
  <combinedRes>${project.build.directory}/generated-sources/combined-resources/res</combinedRes>
  <configurations>${android.configurations}</configurations>
  <customPackage>${android.customPackage}</customPackage>
  <device>${android.device}</device>
  <envAndroidHome>${env.ANDROID_HOME}</envAndroidHome>
  <extractedDependenciesAssets>${project.build.directory}/generated-sources/extracted-dependencies/assets</extractedDependenciesAssets>
  <extractedDependenciesDirectory>${project.build.directory}/generated-sources/extracted-dependencies</extractedDependenciesDirectory>
  <extractedDependenciesJavaResources>${project.build.directory}/generated-sources/extracted-dependencies/src/main/resources</extractedDependenciesJavaResources>
  <extractedDependenciesJavaSources>${project.build.directory}/generated-sources/extracted-dependencies/src/main/java</extractedDependenciesJavaSources>
  <extractedDependenciesRes>${project.build.directory}/generated-sources/extracted-dependencies/res</extractedDependenciesRes>
  <genDirectory default-value="${project.build.directory}/generated-sources/r">${android.genDirectory}</genDirectory>
  <genDirectoryAidl default-value="${project.build.directory}/generated-sources/aidl">${android.genDirectoryAidl}</genDirectoryAidl>
  <generateApk default-value="true">${android.generateApk}</generateApk>
  <mergeManifests default-value="false">${android.mergeManifests}</mergeManifests>
  <nativeLibrariesDirectory default-value="${project.basedir}/libs">${android.nativeLibrariesDirectory}</nativeLibrariesDirectory>
  <ndkPath>${android.ndk.path}</ndkPath>
  <project>${project}</project>
  <projectRepos default-value="${project.remoteProjectRepositories}"/>
  <release default-value="false">${android.release}</release>
  <renameManifestPackage>${android.renameManifestPackage}</renameManifestPackage>
  <repoSession default-value="${repositorySystemSession}"/>
  <resourceDirectory default-value="${project.basedir}/res"/>
  <resourceOverlayDirectory default-value="${project.basedir}/res-overlay"/>
  <sdk>
    <platform>17</platform>
  </sdk>
  <sdkPath>${android.sdk.path}</sdkPath>
  <sdkPlatform>${android.sdk.platform}</sdkPlatform>
  <session>${session}</session>
  <sourceDirectory default-value="${project.build.sourceDirectory}"/>
  <undeployBeforeDeploy default-value="false">${android.undeployBeforeDeploy}</undeployBeforeDeploy>
  <unpackedApkLibsDirectory>${project.build.directory}/unpack/apklibs</unpackedApkLibsDirectory>
</configuration>
[DEBUG] -----------------------------------------------------------------------
[DEBUG] Goal:          org.apache.maven.plugins:maven-resources-plugin:2.6:resources (default-resources)
[DEBUG] Style:         Regular
[DEBUG] Configuration: <?xml version="1.0" encoding="UTF-8"?>
<configuration>
  <buildFilters default-value="${project.build.filters}"/>
  <encoding default-value="${project.build.sourceEncoding}">${encoding}</encoding>
  <escapeString>${maven.resources.escapeString}</escapeString>
  <escapeWindowsPaths default-value="true">${maven.resources.escapeWindowsPaths}</escapeWindowsPaths>
  <includeEmptyDirs default-value="false">${maven.resources.includeEmptyDirs}</includeEmptyDirs>
  <outputDirectory default-value="${project.build.outputDirectory}"/>
  <overwrite default-value="false">${maven.resources.overwrite}</overwrite>
  <project default-value="${project}"/>
  <resources default-value="${project.resources}"/>
  <session default-value="${session}"/>
  <supportMultiLineFiltering default-value="false">${maven.resources.supportMultiLineFiltering}</supportMultiLineFiltering>
  <useBuildFilters default-value="true"/>
  <useDefaultDelimiters default-value="true"/>
</configuration>
[DEBUG] -----------------------------------------------------------------------
[DEBUG] Goal:          org.apache.maven.plugins:maven-compiler-plugin:2.3.2:compile (default-compile)
[DEBUG] Style:         Regular
[DEBUG] Configuration: <?xml version="1.0" encoding="UTF-8"?>
<configuration>
  <basedir default-value="${basedir}"/>
  <buildDirectory default-value="${project.build.directory}"/>
  <classpathElements default-value="${project.compileClasspathElements}"/>
  <compileSourceRoots default-value="${project.compileSourceRoots}"/>
  <compilerId default-value="javac">${maven.compiler.compilerId}</compilerId>
  <compilerVersion>${maven.compiler.compilerVersion}</compilerVersion>
  <debug default-value="true">${maven.compiler.debug}</debug>
  <debuglevel>${maven.compiler.debuglevel}</debuglevel>
  <encoding default-value="${project.build.sourceEncoding}">${encoding}</encoding>
  <executable>${maven.compiler.executable}</executable>
  <failOnError default-value="true">${maven.compiler.failOnError}</failOnError>
  <fork default-value="false">${maven.compiler.fork}</fork>
  <generatedSourcesDirectory default-value="${project.build.directory}/generated-sources/annotations"/>
  <maxmem>${maven.compiler.maxmem}</maxmem>
  <meminitial>${maven.compiler.meminitial}</meminitial>
  <optimize default-value="false">${maven.compiler.optimize}</optimize>
  <outputDirectory default-value="${project.build.outputDirectory}"/>
  <outputFileName>${project.build.finalName}</outputFileName>
  <projectArtifact default-value="${project.artifact}"/>
  <session default-value="${session}"/>
  <showDeprecation default-value="false">${maven.compiler.showDeprecation}</showDeprecation>
  <showWarnings default-value="false">${maven.compiler.showWarnings}</showWarnings>
  <source default-value="1.5">1.6</source>
  <staleMillis default-value="0">${lastModGranularityMs}</staleMillis>
  <target default-value="1.5">1.6</target>
  <verbose default-value="false">${maven.compiler.verbose}</verbose>
</configuration>
[DEBUG] -----------------------------------------------------------------------
[DEBUG] Goal:          com.jayway.maven.plugins.android.generation2:android-maven-plugin:3.5.0:proguard (default-proguard)
[DEBUG] Style:         Regular
[DEBUG] Configuration: <?xml version="1.0" encoding="UTF-8"?>
<configuration>
  <aaptExtraArgs>${android.aaptExtraArgs}</aaptExtraArgs>
  <androidManifestFile default-value="${project.basedir}/AndroidManifest.xml"/>
  <assetsDirectory default-value="${project.basedir}/assets"/>
  <attachJar default-value="true">${android.attachJar}</attachJar>
  <attachSources default-value="false">${android.attachSources}</attachSources>
  <combinedAssets>${project.build.directory}/generated-sources/combined-assets/assets</combinedAssets>
  <combinedRes>${project.build.directory}/generated-sources/combined-resources/res</combinedRes>
  <configurations>${android.configurations}</configurations>
  <customPackage>${android.customPackage}</customPackage>
  <device>${android.device}</device>
  <envAndroidHome>${env.ANDROID_HOME}</envAndroidHome>
  <extractedDependenciesAssets>${project.build.directory}/generated-sources/extracted-dependencies/assets</extractedDependenciesAssets>
  <extractedDependenciesDirectory>${project.build.directory}/generated-sources/extracted-dependencies</extractedDependenciesDirectory>
  <extractedDependenciesJavaResources>${project.build.directory}/generated-sources/extracted-dependencies/src/main/resources</extractedDependenciesJavaResources>
  <extractedDependenciesJavaSources>${project.build.directory}/generated-sources/extracted-dependencies/src/main/java</extractedDependenciesJavaSources>
  <extractedDependenciesRes>${project.build.directory}/generated-sources/extracted-dependencies/res</extractedDependenciesRes>
  <generateApk default-value="true">${android.generateApk}</generateApk>
  <includeJdkLibs>${android.proguard.includeJdkLibs}</includeJdkLibs>
  <nativeLibrariesDirectory default-value="${project.basedir}/libs">${android.nativeLibrariesDirectory}</nativeLibrariesDirectory>
  <ndkPath>${android.ndk.path}</ndkPath>
  <outputDirectory default-value="proguard">${android.proguard.outputDirectory}</outputDirectory>
  <pluginDependencies>${plugin.artifacts}</pluginDependencies>
  <proguardConfig>${android.proguard.config}</proguardConfig>
  <proguardFilterManifest>${android.proguard.filterManifest}</proguardFilterManifest>
  <proguardFilterMavenDescriptor>${android.proguard.filterMavenDescriptor}</proguardFilterMavenDescriptor>
  <proguardJvmArguments>${android.proguard.jvmArguments}</proguardJvmArguments>
  <proguardProguardJarPath>${android.proguard.proguardJarPath}</proguardProguardJarPath>
  <proguardSkip>${android.proguard.skip}</proguardSkip>
  <project>${project}</project>
  <projectRepos default-value="${project.remoteProjectRepositories}"/>
  <release default-value="false">${android.release}</release>
  <renameManifestPackage>${android.renameManifestPackage}</renameManifestPackage>
  <repoSession default-value="${repositorySystemSession}"/>
  <resourceDirectory default-value="${project.basedir}/res"/>
  <resourceOverlayDirectory default-value="${project.basedir}/res-overlay"/>
  <sdk>
    <platform>17</platform>
  </sdk>
  <sdkPath>${android.sdk.path}</sdkPath>
  <sdkPlatform>${android.sdk.platform}</sdkPlatform>
  <session>${session}</session>
  <sourceDirectory default-value="${project.build.sourceDirectory}"/>
  <undeployBeforeDeploy default-value="false">${android.undeployBeforeDeploy}</undeployBeforeDeploy>
  <unpackedApkLibsDirectory>${project.build.directory}/unpack/apklibs</unpackedApkLibsDirectory>
</configuration>
[DEBUG] -----------------------------------------------------------------------
[DEBUG] Goal:          org.apache.maven.plugins:maven-resources-plugin:2.6:testResources (default-testResources)
[DEBUG] Style:         Regular
[DEBUG] Configuration: <?xml version="1.0" encoding="UTF-8"?>
<configuration>
  <buildFilters default-value="${project.build.filters}"/>
  <encoding default-value="${project.build.sourceEncoding}">${encoding}</encoding>
  <escapeString>${maven.resources.escapeString}</escapeString>
  <escapeWindowsPaths default-value="true">${maven.resources.escapeWindowsPaths}</escapeWindowsPaths>
  <includeEmptyDirs default-value="false">${maven.resources.includeEmptyDirs}</includeEmptyDirs>
  <outputDirectory default-value="${project.build.testOutputDirectory}"/>
  <overwrite default-value="false">${maven.resources.overwrite}</overwrite>
  <project default-value="${project}"/>
  <resources default-value="${project.testResources}"/>
  <session default-value="${session}"/>
  <skip>${maven.test.skip}</skip>
  <supportMultiLineFiltering default-value="false">${maven.resources.supportMultiLineFiltering}</supportMultiLineFiltering>
  <useBuildFilters default-value="true"/>
  <useDefaultDelimiters default-value="true"/>
</configuration>
[DEBUG] -----------------------------------------------------------------------
[DEBUG] Goal:          org.apache.maven.plugins:maven-compiler-plugin:2.3.2:testCompile (default-testCompile)
[DEBUG] Style:         Regular
[DEBUG] Configuration: <?xml version="1.0" encoding="UTF-8"?>
<configuration>
  <basedir default-value="${basedir}"/>
  <buildDirectory default-value="${project.build.directory}"/>
  <classpathElements default-value="${project.testClasspathElements}"/>
  <compileSourceRoots default-value="${project.testCompileSourceRoots}"/>
  <compilerId default-value="javac">${maven.compiler.compilerId}</compilerId>
  <compilerVersion>${maven.compiler.compilerVersion}</compilerVersion>
  <debug default-value="true">${maven.compiler.debug}</debug>
  <debuglevel>${maven.compiler.debuglevel}</debuglevel>
  <encoding default-value="${project.build.sourceEncoding}">${encoding}</encoding>
  <executable>${maven.compiler.executable}</executable>
  <failOnError default-value="true">${maven.compiler.failOnError}</failOnError>
  <fork default-value="false">${maven.compiler.fork}</fork>
  <generatedTestSourcesDirectory default-value="${project.build.directory}/generated-sources/test-annotations"/>
  <maxmem>${maven.compiler.maxmem}</maxmem>
  <meminitial>${maven.compiler.meminitial}</meminitial>
  <optimize default-value="false">${maven.compiler.optimize}</optimize>
  <outputDirectory default-value="${project.build.testOutputDirectory}"/>
  <outputFileName>${project.build.finalName}</outputFileName>
  <session default-value="${session}"/>
  <showDeprecation default-value="false">${maven.compiler.showDeprecation}</showDeprecation>
  <showWarnings default-value="false">${maven.compiler.showWarnings}</showWarnings>
  <skip>${maven.test.skip}</skip>
  <source default-value="1.5">1.6</source>
  <staleMillis default-value="0">${lastModGranularityMs}</staleMillis>
  <target default-value="1.5">1.6</target>
  <testSource>${maven.compiler.testSource}</testSource>
  <testTarget>${maven.compiler.testTarget}</testTarget>
  <verbose default-value="false">${maven.compiler.verbose}</verbose>
</configuration>
[DEBUG] -----------------------------------------------------------------------
[DEBUG] Goal:          org.apache.maven.plugins:maven-surefire-plugin:2.14.1:test (default-test)
[DEBUG] Style:         Regular
[DEBUG] Configuration: <?xml version="1.0" encoding="UTF-8"?>
<configuration>
  <argLine>${argLine}</argLine>
  <basedir default-value="${basedir}"/>
  <childDelegation default-value="false">${childDelegation}</childDelegation>
  <classesDirectory default-value="${project.build.outputDirectory}"/>
  <debugForkedProcess>${maven.surefire.debug}</debugForkedProcess>
  <disableXmlReport default-value="false">${disableXmlReport}</disableXmlReport>
  <enableAssertions default-value="true">${enableAssertions}</enableAssertions>
  <excludedGroups>${excludedGroups}</excludedGroups>
  <failIfNoSpecifiedTests>${surefire.failIfNoSpecifiedTests}</failIfNoSpecifiedTests>
  <failIfNoTests>${failIfNoTests}</failIfNoTests>
  <forkCount default-value="1">${forkCount}</forkCount>
  <forkMode default-value="once">${forkMode}</forkMode>
  <forkedProcessTimeoutInSeconds>${surefire.timeout}</forkedProcessTimeoutInSeconds>
  <groups>${groups}</groups>
  <junitArtifactName default-value="junit:junit">${junitArtifactName}</junitArtifactName>
  <jvm>${jvm}</jvm>
  <localRepository default-value="${localRepository}"/>
  <objectFactory>${objectFactory}</objectFactory>
  <parallel>${parallel}</parallel>
  <parallelMavenExecution default-value="${session.parallel}"/>
  <perCoreThreadCount default-value="true">${perCoreThreadCount}</perCoreThreadCount>
  <pluginArtifactMap>${plugin.artifactMap}</pluginArtifactMap>
  <pluginDescriptor default-value="${plugin}"/>
  <printSummary default-value="true">${surefire.printSummary}</printSummary>
  <projectArtifactMap>${project.artifactMap}</projectArtifactMap>
  <redirectTestOutputToFile default-value="false">${maven.test.redirectTestOutputToFile}</redirectTestOutputToFile>
  <remoteRepositories default-value="${project.pluginArtifactRepositories}"/>
  <reportFormat default-value="brief">${surefire.reportFormat}</reportFormat>
  <reportNameSuffix default-value="">${surefire.reportNameSuffix}</reportNameSuffix>
  <reportsDirectory default-value="${project.build.directory}/surefire-reports"/>
  <reuseForks default-value="true">${reuseForks}</reuseForks>
  <runOrder default-value="filesystem"/>
  <skip default-value="false">${maven.test.skip}</skip>
  <skipExec>${maven.test.skip.exec}</skipExec>
  <skipTests default-value="false">${skipTests}</skipTests>
  <test>${test}</test>
  <testClassesDirectory default-value="${project.build.testOutputDirectory}"/>
  <testFailureIgnore default-value="false">${maven.test.failure.ignore}</testFailureIgnore>
  <testNGArtifactName default-value="org.testng:testng">${testNGArtifactName}</testNGArtifactName>
  <testSourceDirectory default-value="${project.build.testSourceDirectory}"/>
  <threadCount>${threadCount}</threadCount>
  <trimStackTrace default-value="true">${trimStackTrace}</trimStackTrace>
  <useFile default-value="true">${surefire.useFile}</useFile>
  <useManifestOnlyJar default-value="true">${surefire.useManifestOnlyJar}</useManifestOnlyJar>
  <useSystemClassLoader default-value="true">${surefire.useSystemClassLoader}</useSystemClassLoader>
  <useUnlimitedThreads default-value="false">${useUnlimitedThreads}</useUnlimitedThreads>
  <workingDirectory>${basedir}</workingDirectory>
  <project default-value="${project}"/>
  <session default-value="${session}"/>
</configuration>
[DEBUG] -----------------------------------------------------------------------
[DEBUG] Goal:          com.jayway.maven.plugins.android.generation2:android-maven-plugin:3.5.0:emma (default-emma)
[DEBUG] Style:         Regular
[DEBUG] Configuration: <?xml version="1.0" encoding="UTF-8"?>
<configuration>
  <aaptExtraArgs>${android.aaptExtraArgs}</aaptExtraArgs>
  <androidManifestFile default-value="${project.basedir}/AndroidManifest.xml"/>
  <assetsDirectory default-value="${project.basedir}/assets"/>
  <attachJar default-value="true">${android.attachJar}</attachJar>
  <attachSources default-value="false">${android.attachSources}</attachSources>
  <combinedAssets>${project.build.directory}/generated-sources/combined-assets/assets</combinedAssets>
  <combinedRes>${project.build.directory}/generated-sources/combined-resources/res</combinedRes>
  <configurations>${android.configurations}</configurations>
  <customPackage>${android.customPackage}</customPackage>
  <device>${android.device}</device>
  <emmaClassFolders default-value="${project.build.directory}/classes/">${android.emma.classFolders}</emmaClassFolders>
  <emmaEnable default-value="false">${android.emma.enable}</emmaEnable>
  <emmaOutputMetaFile default-value="${project.build.directory}/emma/coverage.es">${android.emma.outputMetaFile}</emmaOutputMetaFile>
  <envAndroidHome>${env.ANDROID_HOME}</envAndroidHome>
  <extractedDependenciesAssets>${project.build.directory}/generated-sources/extracted-dependencies/assets</extractedDependenciesAssets>
  <extractedDependenciesDirectory>${project.build.directory}/generated-sources/extracted-dependencies</extractedDependenciesDirectory>
  <extractedDependenciesJavaResources>${project.build.directory}/generated-sources/extracted-dependencies/src/main/resources</extractedDependenciesJavaResources>
  <extractedDependenciesJavaSources>${project.build.directory}/generated-sources/extracted-dependencies/src/main/java</extractedDependenciesJavaSources>
  <extractedDependenciesRes>${project.build.directory}/generated-sources/extracted-dependencies/res</extractedDependenciesRes>
  <generateApk default-value="true">${android.generateApk}</generateApk>
  <nativeLibrariesDirectory default-value="${project.basedir}/libs">${android.nativeLibrariesDirectory}</nativeLibrariesDirectory>
  <ndkPath>${android.ndk.path}</ndkPath>
  <project>${project}</project>
  <projectRepos default-value="${project.remoteProjectRepositories}"/>
  <release default-value="false">${android.release}</release>
  <renameManifestPackage>${android.renameManifestPackage}</renameManifestPackage>
  <repoSession default-value="${repositorySystemSession}"/>
  <resourceDirectory default-value="${project.basedir}/res"/>
  <resourceOverlayDirectory default-value="${project.basedir}/res-overlay"/>
  <sdk>
    <platform>17</platform>
  </sdk>
  <sdkPath>${android.sdk.path}</sdkPath>
  <sdkPlatform>${android.sdk.platform}</sdkPlatform>
  <session>${session}</session>
  <sourceDirectory default-value="${project.build.sourceDirectory}"/>
  <undeployBeforeDeploy default-value="false">${android.undeployBeforeDeploy}</undeployBeforeDeploy>
  <unpackedApkLibsDirectory>${project.build.directory}/unpack/apklibs</unpackedApkLibsDirectory>
</configuration>
[DEBUG] -----------------------------------------------------------------------
[DEBUG] Goal:          com.jayway.maven.plugins.android.generation2:android-maven-plugin:3.5.0:dex (default-dex)
[DEBUG] Style:         Regular
[DEBUG] Configuration: <?xml version="1.0" encoding="UTF-8"?>
<configuration>
  <aaptExtraArgs>${android.aaptExtraArgs}</aaptExtraArgs>
  <androidManifestFile default-value="${project.basedir}/AndroidManifest.xml"/>
  <assetsDirectory default-value="${project.basedir}/assets"/>
  <attachJar default-value="true">${android.attachJar}</attachJar>
  <attachSources default-value="false">${android.attachSources}</attachSources>
  <combinedAssets>${project.build.directory}/generated-sources/combined-assets/assets</combinedAssets>
  <combinedRes>${project.build.directory}/generated-sources/combined-resources/res</combinedRes>
  <configurations>${android.configurations}</configurations>
  <customPackage>${android.customPackage}</customPackage>
  <device>${android.device}</device>
  <dexCoreLibrary default-value="false">${android.dex.coreLibrary}</dexCoreLibrary>
  <dexJvmArguments default-value="-Xmx1024M">${android.dex.jvmArguments}</dexJvmArguments>
  <dexNoLocals default-value="false">${android.dex.noLocals}</dexNoLocals>
  <dexOptimize default-value="true">${android.dex.optimize}</dexOptimize>
  <envAndroidHome>${env.ANDROID_HOME}</envAndroidHome>
  <extractedDependenciesAssets>${project.build.directory}/generated-sources/extracted-dependencies/assets</extractedDependenciesAssets>
  <extractedDependenciesDirectory>${project.build.directory}/generated-sources/extracted-dependencies</extractedDependenciesDirectory>
  <extractedDependenciesJavaResources>${project.build.directory}/generated-sources/extracted-dependencies/src/main/resources</extractedDependenciesJavaResources>
  <extractedDependenciesJavaSources>${project.build.directory}/generated-sources/extracted-dependencies/src/main/java</extractedDependenciesJavaSources>
  <extractedDependenciesRes>${project.build.directory}/generated-sources/extracted-dependencies/res</extractedDependenciesRes>
  <generateApk default-value="true">${android.generateApk}</generateApk>
  <nativeLibrariesDirectory default-value="${project.basedir}/libs">${android.nativeLibrariesDirectory}</nativeLibrariesDirectory>
  <ndkPath>${android.ndk.path}</ndkPath>
  <project>${project}</project>
  <projectRepos default-value="${project.remoteProjectRepositories}"/>
  <release default-value="false">${android.release}</release>
  <renameManifestPackage>${android.renameManifestPackage}</renameManifestPackage>
  <repoSession default-value="${repositorySystemSession}"/>
  <resourceDirectory default-value="${project.basedir}/res"/>
  <resourceOverlayDirectory default-value="${project.basedir}/res-overlay"/>
  <sdk>
    <platform>17</platform>
  </sdk>
  <sdkPath>${android.sdk.path}</sdkPath>
  <sdkPlatform>${android.sdk.platform}</sdkPlatform>
  <session>${session}</session>
  <sourceDirectory default-value="${project.build.sourceDirectory}"/>
  <undeployBeforeDeploy default-value="false">${android.undeployBeforeDeploy}</undeployBeforeDeploy>
  <unpackedApkLibsDirectory>${project.build.directory}/unpack/apklibs</unpackedApkLibsDirectory>
</configuration>
[DEBUG] -----------------------------------------------------------------------
[DEBUG] Goal:          org.apache.maven.plugins:maven-jar-plugin:2.4:jar (default-jar)
[DEBUG] Style:         Regular
[DEBUG] Configuration: <?xml version="1.0" encoding="UTF-8"?>
<configuration>
  <classesDirectory default-value="${project.build.outputDirectory}"/>
  <defaultManifestFile default-value="${project.build.outputDirectory}/META-INF/MANIFEST.MF"/>
  <finalName default-value="${project.build.finalName}">${jar.finalName}</finalName>
  <forceCreation default-value="false">${jar.forceCreation}</forceCreation>
  <outputDirectory default-value="${project.build.directory}"/>
  <project default-value="${project}"/>
  <session default-value="${session}"/>
  <skipIfEmpty default-value="false">${jar.skipIfEmpty}</skipIfEmpty>
  <useDefaultManifestFile default-value="false">${jar.useDefaultManifestFile}</useDefaultManifestFile>
</configuration>
[DEBUG] -----------------------------------------------------------------------
[DEBUG] Goal:          com.jayway.maven.plugins.android.generation2:android-maven-plugin:3.5.0:apk (default-apk)
[DEBUG] Style:         Regular
[DEBUG] Configuration: <?xml version="1.0" encoding="UTF-8"?>
<configuration>
  <aaptExtraArgs>${android.aaptExtraArgs}</aaptExtraArgs>
  <androidManifestFile default-value="${project.basedir}/AndroidManifest.xml"/>
  <apkDebug>${android.apk.debug}</apkDebug>
  <apkMetaIncludes default-value="">${android.apk.metaIncludes}</apkMetaIncludes>
  <apkNativeToolchain>${android.nativeToolchain}</apkNativeToolchain>
  <assetsDirectory default-value="${project.basedir}/assets"/>
  <attachJar default-value="true">${android.attachJar}</attachJar>
  <attachSources default-value="false">${android.attachSources}</attachSources>
  <combinedAssets>${project.build.directory}/generated-sources/combined-assets/assets</combinedAssets>
  <combinedRes>${project.build.directory}/generated-sources/combined-resources/res</combinedRes>
  <configurations>${android.configurations}</configurations>
  <customPackage>${android.customPackage}</customPackage>
  <device>${android.device}</device>
  <envAndroidHome>${env.ANDROID_HOME}</envAndroidHome>
  <extractDuplicates default-value="false">${android.extractDuplicates}</extractDuplicates>
  <extractedDependenciesAssets>${project.build.directory}/generated-sources/extracted-dependencies/assets</extractedDependenciesAssets>
  <extractedDependenciesDirectory>${project.build.directory}/generated-sources/extracted-dependencies</extractedDependenciesDirectory>
  <extractedDependenciesJavaResources>${project.build.directory}/generated-sources/extracted-dependencies/src/main/resources</extractedDependenciesJavaResources>
  <extractedDependenciesJavaSources>${project.build.directory}/generated-sources/extracted-dependencies/src/main/java</extractedDependenciesJavaSources>
  <extractedDependenciesRes>${project.build.directory}/generated-sources/extracted-dependencies/res</extractedDependenciesRes>
  <generateApk default-value="true">${android.generateApk}</generateApk>
  <nativeLibrariesDependenciesHardwareArchitectureDefault default-value="armeabi">${android.nativeLibrariesDependenciesHardwareArchitectureDefault}</nativeLibrariesDependenciesHardwareArchitectureDefault>
  <nativeLibrariesDependenciesHardwareArchitectureOverrides default-value="">${android.nativeLibrariesDependenciesHardwareArchitectureOverrides}</nativeLibrariesDependenciesHardwareArchitectureOverrides>
  <nativeLibrariesDirectory default-value="${project.basedir}/libs">${android.nativeLibrariesDirectory}</nativeLibrariesDirectory>
  <nativeLibrariesOutputDirectory default-value="${project.build.directory}/libs"/>
  <ndkFinalLibraryName>${android.ndk.build.build.final-library.name}</ndkFinalLibraryName>
  <ndkPath>${android.ndk.path}</ndkPath>
  <project>${project}</project>
  <projectRepos default-value="${project.remoteProjectRepositories}"/>
  <release default-value="false">${android.release}</release>
  <renameInstrumentationTargetPackage>${android.renameInstrumentationTargetPackage}</renameInstrumentationTargetPackage>
  <renameManifestPackage>${android.renameManifestPackage}</renameManifestPackage>
  <repoSession default-value="${repositorySystemSession}"/>
  <resourceDirectory default-value="${project.basedir}/res"/>
  <resourceOverlayDirectory default-value="${project.basedir}/res-overlay"/>
  <sdk>
    <platform>17</platform>
  </sdk>
  <sdkPath>${android.sdk.path}</sdkPath>
  <sdkPlatform>${android.sdk.platform}</sdkPlatform>
  <session>${session}</session>
  <signDebug default-value="auto">${android.sign.debug}</signDebug>
  <sourceDirectories default-value="">${android.sourceDirectories}</sourceDirectories>
  <sourceDirectory default-value="${project.build.sourceDirectory}"/>
  <undeployBeforeDeploy default-value="false">${android.undeployBeforeDeploy}</undeployBeforeDeploy>
  <unpackedApkLibsDirectory>${project.build.directory}/unpack/apklibs</unpackedApkLibsDirectory>
</configuration>
[DEBUG] -----------------------------------------------------------------------
[DEBUG] Goal:          com.jayway.maven.plugins.android.generation2:android-maven-plugin:3.5.0:internal-pre-integration-test (default-internal-pre-integration-test)
[DEBUG] Style:         Regular
[DEBUG] Configuration: <?xml version="1.0" encoding="UTF-8"?>
<configuration>
  <aaptExtraArgs>${android.aaptExtraArgs}</aaptExtraArgs>
  <androidManifestFile default-value="${project.basedir}/AndroidManifest.xml"/>
  <assetsDirectory default-value="${project.basedir}/assets"/>
  <attachJar default-value="true">${android.attachJar}</attachJar>
  <attachSources default-value="false">${android.attachSources}</attachSources>
  <combinedAssets>${project.build.directory}/generated-sources/combined-assets/assets</combinedAssets>
  <combinedRes>${project.build.directory}/generated-sources/combined-resources/res</combinedRes>
  <configurations>${android.configurations}</configurations>
  <customPackage>${android.customPackage}</customPackage>
  <device>${android.device}</device>
  <envAndroidHome>${env.ANDROID_HOME}</envAndroidHome>
  <extractedDependenciesAssets>${project.build.directory}/generated-sources/extracted-dependencies/assets</extractedDependenciesAssets>
  <extractedDependenciesDirectory>${project.build.directory}/generated-sources/extracted-dependencies</extractedDependenciesDirectory>
  <extractedDependenciesJavaResources>${project.build.directory}/generated-sources/extracted-dependencies/src/main/resources</extractedDependenciesJavaResources>
  <extractedDependenciesJavaSources>${project.build.directory}/generated-sources/extracted-dependencies/src/main/java</extractedDependenciesJavaSources>
  <extractedDependenciesRes>${project.build.directory}/generated-sources/extracted-dependencies/res</extractedDependenciesRes>
  <generateApk default-value="true">${android.generateApk}</generateApk>
  <mavenSkipTests default-value="false">${skipTests}</mavenSkipTests>
  <mavenTestSkip default-value="false">${maven.test.skip}</mavenTestSkip>
  <nativeLibrariesDirectory default-value="${project.basedir}/libs">${android.nativeLibrariesDirectory}</nativeLibrariesDirectory>
  <ndkPath>${android.ndk.path}</ndkPath>
  <project>${project}</project>
  <projectRepos default-value="${project.remoteProjectRepositories}"/>
  <release default-value="false">${android.release}</release>
  <renameManifestPackage>${android.renameManifestPackage}</renameManifestPackage>
  <repoSession default-value="${repositorySystemSession}"/>
  <resourceDirectory default-value="${project.basedir}/res"/>
  <resourceOverlayDirectory default-value="${project.basedir}/res-overlay"/>
  <sdk>
    <platform>17</platform>
  </sdk>
  <sdkPath>${android.sdk.path}</sdkPath>
  <sdkPlatform>${android.sdk.platform}</sdkPlatform>
  <session>${session}</session>
  <sourceDirectory default-value="${project.build.sourceDirectory}"/>
  <testAnnotations>${android.test.annotations}</testAnnotations>
  <testClasses>${android.test.classes}</testClasses>
  <testCoverage default-value="false">${android.test.coverage}</testCoverage>
  <testCoverageFile default-value="expression"/>
  <testCreateReport default-value="true">${android.test.createreport}</testCreateReport>
  <testDebug default-value="false">${android.test.debug}</testDebug>
  <testExcludeAnnotations>${android.test.excludeAnnotations}</testExcludeAnnotations>
  <testInstrumentationPackage>${android.test.instrumentationPackage}</testInstrumentationPackage>
  <testInstrumentationRunner>${android.test.instrumentationRunner}</testInstrumentationRunner>
  <testLogOnly default-value="false">${android.test.logonly}</testLogOnly>
  <testPackages>${android.test.packages}</testPackages>
  <testSkip default-value="auto">${android.test.skip}</testSkip>
  <testTestSize>${android.test.testsize}</testTestSize>
  <undeployBeforeDeploy default-value="false">${android.undeployBeforeDeploy}</undeployBeforeDeploy>
  <unpackedApkLibsDirectory>${project.build.directory}/unpack/apklibs</unpackedApkLibsDirectory>
</configuration>
[DEBUG] -----------------------------------------------------------------------
[DEBUG] Goal:          com.jayway.maven.plugins.android.generation2:android-maven-plugin:3.5.0:internal-integration-test (default-internal-integration-test)
[DEBUG] Style:         Regular
[DEBUG] Configuration: <?xml version="1.0" encoding="UTF-8"?>
<configuration>
  <aaptExtraArgs>${android.aaptExtraArgs}</aaptExtraArgs>
  <androidManifestFile default-value="${project.basedir}/AndroidManifest.xml"/>
  <assetsDirectory default-value="${project.basedir}/assets"/>
  <attachJar default-value="true">${android.attachJar}</attachJar>
  <attachSources default-value="false">${android.attachSources}</attachSources>
  <combinedAssets>${project.build.directory}/generated-sources/combined-assets/assets</combinedAssets>
  <combinedRes>${project.build.directory}/generated-sources/combined-resources/res</combinedRes>
  <configurations>${android.configurations}</configurations>
  <customPackage>${android.customPackage}</customPackage>
  <device>${android.device}</device>
  <envAndroidHome>${env.ANDROID_HOME}</envAndroidHome>
  <extractedDependenciesAssets>${project.build.directory}/generated-sources/extracted-dependencies/assets</extractedDependenciesAssets>
  <extractedDependenciesDirectory>${project.build.directory}/generated-sources/extracted-dependencies</extractedDependenciesDirectory>
  <extractedDependenciesJavaResources>${project.build.directory}/generated-sources/extracted-dependencies/src/main/resources</extractedDependenciesJavaResources>
  <extractedDependenciesJavaSources>${project.build.directory}/generated-sources/extracted-dependencies/src/main/java</extractedDependenciesJavaSources>
  <extractedDependenciesRes>${project.build.directory}/generated-sources/extracted-dependencies/res</extractedDependenciesRes>
  <generateApk default-value="true">${android.generateApk}</generateApk>
  <mavenSkipTests default-value="false">${skipTests}</mavenSkipTests>
  <mavenTestSkip default-value="false">${maven.test.skip}</mavenTestSkip>
  <nativeLibrariesDirectory default-value="${project.basedir}/libs">${android.nativeLibrariesDirectory}</nativeLibrariesDirectory>
  <ndkPath>${android.ndk.path}</ndkPath>
  <project>${project}</project>
  <projectRepos default-value="${project.remoteProjectRepositories}"/>
  <release default-value="false">${android.release}</release>
  <renameManifestPackage>${android.renameManifestPackage}</renameManifestPackage>
  <repoSession default-value="${repositorySystemSession}"/>
  <resourceDirectory default-value="${project.basedir}/res"/>
  <resourceOverlayDirectory default-value="${project.basedir}/res-overlay"/>
  <sdk>
    <platform>17</platform>
  </sdk>
  <sdkPath>${android.sdk.path}</sdkPath>
  <sdkPlatform>${android.sdk.platform}</sdkPlatform>
  <session>${session}</session>
  <sourceDirectory default-value="${project.build.sourceDirectory}"/>
  <testAnnotations>${android.test.annotations}</testAnnotations>
  <testClasses>${android.test.classes}</testClasses>
  <testCoverage default-value="false">${android.test.coverage}</testCoverage>
  <testCoverageFile default-value="expression"/>
  <testCreateReport default-value="true">${android.test.createreport}</testCreateReport>
  <testDebug default-value="false">${android.test.debug}</testDebug>
  <testExcludeAnnotations>${android.test.excludeAnnotations}</testExcludeAnnotations>
  <testInstrumentationPackage>${android.test.instrumentationPackage}</testInstrumentationPackage>
  <testInstrumentationRunner>${android.test.instrumentationRunner}</testInstrumentationRunner>
  <testLogOnly default-value="false">${android.test.logonly}</testLogOnly>
  <testPackages>${android.test.packages}</testPackages>
  <testSkip default-value="auto">${android.test.skip}</testSkip>
  <testTestSize>${android.test.testsize}</testTestSize>
  <undeployBeforeDeploy default-value="false">${android.undeployBeforeDeploy}</undeployBeforeDeploy>
  <unpackedApkLibsDirectory>${project.build.directory}/unpack/apklibs</unpackedApkLibsDirectory>
</configuration>
[DEBUG] -----------------------------------------------------------------------
[DEBUG] Goal:          org.apache.maven.plugins:maven-install-plugin:2.4:install (default-install)
[DEBUG] Style:         Regular
[DEBUG] Configuration: <?xml version="1.0" encoding="UTF-8"?>
<configuration>
  <artifact default-value="${project.artifact}"/>
  <attachedArtifacts default-value="${project.attachedArtifacts}"/>
  <createChecksum default-value="false">${createChecksum}</createChecksum>
  <localRepository>${localRepository}</localRepository>
  <packaging default-value="${project.packaging}"/>
  <pomFile default-value="${project.file}"/>
  <skip default-value="false">${maven.install.skip}</skip>
  <updateReleaseInfo default-value="false">${updateReleaseInfo}</updateReleaseInfo>
</configuration>
[DEBUG] =======================================================================
[DEBUG] com.robotoatmeal.android:RobotOatmealAndroidApp:apk:1.0-SNAPSHOT
[DEBUG]    com.google.android:android:jar:4.1.1.4:provided
[DEBUG]       commons-logging:commons-logging:jar:1.1.1:provided
[DEBUG]       org.apache.httpcomponents:httpclient:jar:4.0.1:provided
[DEBUG]          org.apache.httpcomponents:httpcore:jar:4.0.1:provided
[DEBUG]          commons-codec:commons-codec:jar:1.3:provided
[DEBUG]       org.khronos:opengl-api:jar:gl1.1-android-2.1_r1:provided
[DEBUG]       xerces:xmlParserAPIs:jar:2.6.2:provided
[DEBUG]       xpp3:xpp3:jar:1.1.4c:provided
[DEBUG]       org.json:json:jar:20080701:provided
[DEBUG]    com.googlecode.androidannotations:androidannotations:jar:2.7:provided
[DEBUG]       com.sun.codemodel:codemodel:jar:2.4.1:provided
[DEBUG]    com.googlecode.androidannotations:androidannotations-api:jar:2.7:compile
[DEBUG]    com.google.android:support-v4:jar:r7:compile
[DEBUG]    org.springframework.android:spring-android-rest-template:jar:1.0.1.RELEASE:compile
[DEBUG]       org.springframework.android:spring-android-core:jar:1.0.1.RELEASE:compile
[DEBUG]    com.google.code.gson:gson:jar:2.2.2:compile
[INFO] 
[INFO] --- maven-clean-plugin:2.4.1:clean (default-clean) @ RobotOatmealAndroidApp ---
[DEBUG] org.apache.maven.plugins:maven-clean-plugin:jar:2.4.1:
[DEBUG]    org.apache.maven:maven-plugin-api:jar:2.0.6:compile
[DEBUG]    org.codehaus.plexus:plexus-utils:jar:2.0.5:compile
[DEBUG] Created new class realm plugin>org.apache.maven.plugins:maven-clean-plugin:2.4.1
[DEBUG] Importing foreign packages into class realm plugin>org.apache.maven.plugins:maven-clean-plugin:2.4.1
[DEBUG]   Imported:  < project>com.robotoatmeal.android:RobotOatmealAndroidApp:1.0-SNAPSHOT
[DEBUG] Populating class realm plugin>org.apache.maven.plugins:maven-clean-plugin:2.4.1
[DEBUG]   Included: org.apache.maven.plugins:maven-clean-plugin:jar:2.4.1
[DEBUG]   Included: org.codehaus.plexus:plexus-utils:jar:2.0.5
[DEBUG]   Excluded: org.apache.maven:maven-plugin-api:jar:2.0.6
[DEBUG] Configuring mojo org.apache.maven.plugins:maven-clean-plugin:2.4.1:clean from plugin realm ClassRealm[plugin>org.apache.maven.plugins:maven-clean-plugin:2.4.1, parent: sun.misc.Launcher$AppClassLoader@224478fe]
[DEBUG] Configuring mojo 'org.apache.maven.plugins:maven-clean-plugin:2.4.1:clean' with basic configurator -->
[DEBUG]   (f) directory = C:\Users\3121xNB\Desktop\CS 130\RobotOatmealAndroidApp\RobotOatmealAndroidApp\target
[DEBUG]   (f) excludeDefaultDirectories = false
[DEBUG]   (f) failOnError = true
[DEBUG]   (f) followSymLinks = false
[DEBUG]   (f) outputDirectory = C:\Users\3121xNB\Desktop\CS 130\RobotOatmealAndroidApp\RobotOatmealAndroidApp\target\classes
[DEBUG]   (f) reportDirectory = C:\Users\3121xNB\Desktop\CS 130\RobotOatmealAndroidApp\RobotOatmealAndroidApp\target\site
[DEBUG]   (f) skip = false
[DEBUG]   (f) testOutputDirectory = C:\Users\3121xNB\Desktop\CS 130\RobotOatmealAndroidApp\RobotOatmealAndroidApp\target\test-classes
[DEBUG] -- end configuration --
[INFO] Deleting C:\Users\3121xNB\Desktop\CS 130\RobotOatmealAndroidApp\RobotOatmealAndroidApp\target
[INFO] Deleting directory C:\Users\3121xNB\Desktop\CS 130\RobotOatmealAndroidApp\RobotOatmealAndroidApp\target\generated-sources\r
[INFO] Deleting directory C:\Users\3121xNB\Desktop\CS 130\RobotOatmealAndroidApp\RobotOatmealAndroidApp\target\generated-sources
[INFO] Deleting directory C:\Users\3121xNB\Desktop\CS 130\RobotOatmealAndroidApp\RobotOatmealAndroidApp\target
[DEBUG] Skipping non-existing directory C:\Users\3121xNB\Desktop\CS 130\RobotOatmealAndroidApp\RobotOatmealAndroidApp\target\classes
[DEBUG] Skipping non-existing directory C:\Users\3121xNB\Desktop\CS 130\RobotOatmealAndroidApp\RobotOatmealAndroidApp\target\test-classes
[DEBUG] Skipping non-existing directory C:\Users\3121xNB\Desktop\CS 130\RobotOatmealAndroidApp\RobotOatmealAndroidApp\target\site
[INFO] 
[INFO] --- android-maven-plugin:3.5.0:generate-sources (default-generate-sources) @ RobotOatmealAndroidApp ---
[DEBUG] com.jayway.maven.plugins.android.generation2:android-maven-plugin:jar:3.5.0:
[DEBUG]    com.android.ddmlib:ddmlib:jar:r16:compile
[DEBUG]    org.apache.maven:maven-artifact:jar:3.0.3:compile
[DEBUG]    org.apache.maven:maven-model:jar:3.0.3:compile
[DEBUG]    org.apache.maven:maven-plugin-api:jar:3.0.3:compile
[DEBUG]       org.sonatype.sisu:sisu-inject-plexus:jar:2.1.1:compile
[DEBUG]          org.sonatype.sisu:sisu-inject-bean:jar:2.1.1:compile
[DEBUG]             org.sonatype.sisu:sisu-guice:jar:no_aop:2.9.4:compile
[DEBUG]    org.apache.maven:maven-compat:jar:3.0.3:compile
[DEBUG]       org.apache.maven:maven-model-builder:jar:3.0.3:compile
[DEBUG]       org.apache.maven:maven-settings:jar:3.0.3:compile
[DEBUG]       org.codehaus.plexus:plexus-interpolation:jar:1.14:compile
[DEBUG]       org.codehaus.plexus:plexus-component-annotations:jar:1.5.5:compile
[DEBUG]       org.apache.maven.wagon:wagon-provider-api:jar:1.0-beta-7:compile
[DEBUG]    org.apache.maven:maven-core:jar:3.0.3:compile
[DEBUG]       org.apache.maven:maven-settings-builder:jar:3.0.3:compile
[DEBUG]       org.apache.maven:maven-repository-metadata:jar:3.0.3:compile
[DEBUG]       org.apache.maven:maven-aether-provider:jar:3.0.3:compile
[DEBUG]          org.sonatype.aether:aether-spi:jar:1.11:compile
[DEBUG]       org.sonatype.aether:aether-impl:jar:1.11:compile
[DEBUG]       org.codehaus.plexus:plexus-classworlds:jar:2.4:compile
[DEBUG]       org.sonatype.plexus:plexus-sec-dispatcher:jar:1.3:compile
[DEBUG]          org.sonatype.plexus:plexus-cipher:jar:1.4:compile
[DEBUG]    org.apache.maven:maven-archiver:jar:2.5:compile
[DEBUG]    emma:emma:jar:2.1.5320:compile
[DEBUG]    org.codehaus.plexus:plexus-archiver:jar:2.2:compile
[DEBUG]       org.codehaus.plexus:plexus-container-default:jar:1.0-alpha-9-stable-1:compile
[DEBUG]          junit:junit:jar:3.8.1:compile
[DEBUG]          classworlds:classworlds:jar:1.1-alpha-2:compile
[DEBUG]       org.codehaus.plexus:plexus-io:jar:2.0.4:compile
[DEBUG]    org.codehaus.plexus:plexus-utils:jar:3.0.10:compile
[DEBUG]    commons-jxpath:commons-jxpath:jar:1.3:compile
[DEBUG]    commons-io:commons-io:jar:2.4:compile
[DEBUG]    org.ow2.asm:asm:jar:4.1:compile
[DEBUG]    commons-lang:commons-lang:jar:2.6:compile
[DEBUG]    org.sonatype.aether:aether-api:jar:1.13.1:compile
[DEBUG]    org.sonatype.aether:aether-util:jar:1.13.1:compile
[DEBUG]    com.github.rtyley:android-screenshot-paparazzo:jar:1.8:compile
[DEBUG]       com.madgag:animated-gif-lib:jar:1.0:compile
[DEBUG] Created new class realm plugin>com.jayway.maven.plugins.android.generation2:android-maven-plugin:3.5.0
[DEBUG] Importing foreign packages into class realm plugin>com.jayway.maven.plugins.android.generation2:android-maven-plugin:3.5.0
[DEBUG]   Imported:  < project>com.robotoatmeal.android:RobotOatmealAndroidApp:1.0-SNAPSHOT
[DEBUG] Populating class realm plugin>com.jayway.maven.plugins.android.generation2:android-maven-plugin:3.5.0
[DEBUG]   Included: com.jayway.maven.plugins.android.generation2:android-maven-plugin:jar:3.5.0
[DEBUG]   Included: com.android.ddmlib:ddmlib:jar:r16
[DEBUG]   Included: org.sonatype.sisu:sisu-inject-bean:jar:2.1.1
[DEBUG]   Included: org.sonatype.sisu:sisu-guice:jar:no_aop:2.9.4
[DEBUG]   Included: org.codehaus.plexus:plexus-interpolation:jar:1.14
[DEBUG]   Included: org.codehaus.plexus:plexus-component-annotations:jar:1.5.5
[DEBUG]   Included: org.sonatype.plexus:plexus-sec-dispatcher:jar:1.3
[DEBUG]   Included: org.sonatype.plexus:plexus-cipher:jar:1.4
[DEBUG]   Included: org.apache.maven:maven-archiver:jar:2.5
[DEBUG]   Included: emma:emma:jar:2.1.5320
[DEBUG]   Included: org.codehaus.plexus:plexus-archiver:jar:2.2
[DEBUG]   Included: junit:junit:jar:3.8.1
[DEBUG]   Included: org.codehaus.plexus:plexus-io:jar:2.0.4
[DEBUG]   Included: org.codehaus.plexus:plexus-utils:jar:3.0.10
[DEBUG]   Included: commons-jxpath:commons-jxpath:jar:1.3
[DEBUG]   Included: commons-io:commons-io:jar:2.4
[DEBUG]   Included: org.ow2.asm:asm:jar:4.1
[DEBUG]   Included: commons-lang:commons-lang:jar:2.6
[DEBUG]   Included: org.sonatype.aether:aether-util:jar:1.13.1
[DEBUG]   Included: com.github.rtyley:android-screenshot-paparazzo:jar:1.8
[DEBUG]   Included: com.madgag:animated-gif-lib:jar:1.0
[DEBUG]   Excluded: org.apache.maven:maven-artifact:jar:3.0.3
[DEBUG]   Excluded: org.apache.maven:maven-model:jar:3.0.3
[DEBUG]   Excluded: org.apache.maven:maven-plugin-api:jar:3.0.3
[DEBUG]   Excluded: org.sonatype.sisu:sisu-inject-plexus:jar:2.1.1
[DEBUG]   Excluded: org.apache.maven:maven-compat:jar:3.0.3
[DEBUG]   Excluded: org.apache.maven:maven-model-builder:jar:3.0.3
[DEBUG]   Excluded: org.apache.maven:maven-settings:jar:3.0.3
[DEBUG]   Excluded: org.apache.maven.wagon:wagon-provider-api:jar:1.0-beta-7
[DEBUG]   Excluded: org.apache.maven:maven-core:jar:3.0.3
[DEBUG]   Excluded: org.apache.maven:maven-settings-builder:jar:3.0.3
[DEBUG]   Excluded: org.apache.maven:maven-repository-metadata:jar:3.0.3
[DEBUG]   Excluded: org.apache.maven:maven-aether-provider:jar:3.0.3
[DEBUG]   Excluded: org.sonatype.aether:aether-spi:jar:1.11
[DEBUG]   Excluded: org.sonatype.aether:aether-impl:jar:1.11
[DEBUG]   Excluded: org.codehaus.plexus:plexus-classworlds:jar:2.4
[DEBUG]   Excluded: org.codehaus.plexus:plexus-container-default:jar:1.0-alpha-9-stable-1
[DEBUG]   Excluded: classworlds:classworlds:jar:1.1-alpha-2
[DEBUG]   Excluded: org.sonatype.aether:aether-api:jar:1.13.1
[DEBUG] Configuring mojo com.jayway.maven.plugins.android.generation2:android-maven-plugin:3.5.0:generate-sources from plugin realm ClassRealm[plugin>com.jayway.maven.plugins.android.generation2:android-maven-plugin:3.5.0, parent: sun.misc.Launcher$AppClassLoader@224478fe]
[DEBUG] Configuring mojo 'com.jayway.maven.plugins.android.generation2:android-maven-plugin:3.5.0:generate-sources' with basic configurator -->
[DEBUG]   (f) aaptExtraArgs = []
[DEBUG]   (f) androidManifestFile = C:\Users\3121xNB\Desktop\CS 130\RobotOatmealAndroidApp\RobotOatmealAndroidApp\AndroidManifest.xml
[DEBUG]   (f) assetsDirectory = C:\Users\3121xNB\Desktop\CS 130\RobotOatmealAndroidApp\RobotOatmealAndroidApp\assets
[DEBUG]   (f) attachJar = true
[DEBUG]   (f) attachSources = false
[DEBUG]   (f) combinedAssets = C:\Users\3121xNB\Desktop\CS 130\RobotOatmealAndroidApp\RobotOatmealAndroidApp\target\generated-sources\combined-assets\assets
[DEBUG]   (f) combinedRes = C:\Users\3121xNB\Desktop\CS 130\RobotOatmealAndroidApp\RobotOatmealAndroidApp\target\generated-sources\combined-resources\res
[DEBUG]   (f) envAndroidHome = C:\Program Files\Android SDK\sdk
[DEBUG]   (f) extractedDependenciesAssets = C:\Users\3121xNB\Desktop\CS 130\RobotOatmealAndroidApp\RobotOatmealAndroidApp\target\generated-sources\extracted-dependencies\assets
[DEBUG]   (f) extractedDependenciesDirectory = C:\Users\3121xNB\Desktop\CS 130\RobotOatmealAndroidApp\RobotOatmealAndroidApp\target\generated-sources\extracted-dependencies
[DEBUG]   (f) extractedDependenciesJavaResources = C:\Users\3121xNB\Desktop\CS 130\RobotOatmealAndroidApp\RobotOatmealAndroidApp\target\generated-sources\extracted-dependencies\src\main\resources
[DEBUG]   (f) extractedDependenciesJavaSources = C:\Users\3121xNB\Desktop\CS 130\RobotOatmealAndroidApp\RobotOatmealAndroidApp\target\generated-sources\extracted-dependencies\src\main\java
[DEBUG]   (f) extractedDependenciesRes = C:\Users\3121xNB\Desktop\CS 130\RobotOatmealAndroidApp\RobotOatmealAndroidApp\target\generated-sources\extracted-dependencies\res
[DEBUG]   (f) genDirectory = C:\Users\3121xNB\Desktop\CS 130\RobotOatmealAndroidApp\RobotOatmealAndroidApp\target\generated-sources\r
[DEBUG]   (f) genDirectoryAidl = C:\Users\3121xNB\Desktop\CS 130\RobotOatmealAndroidApp\RobotOatmealAndroidApp\target\generated-sources\aidl
[DEBUG]   (f) generateApk = true
[DEBUG]   (f) mergeManifests = false
[DEBUG]   (f) nativeLibrariesDirectory = C:\Users\3121xNB\Desktop\CS 130\RobotOatmealAndroidApp\RobotOatmealAndroidApp\libs
[DEBUG]   (f) project = MavenProject: com.robotoatmeal.android:RobotOatmealAndroidApp:1.0-SNAPSHOT @ C:\Users\3121xNB\Desktop\CS 130\RobotOatmealAndroidApp\RobotOatmealAndroidApp\pom.xml
[DEBUG]   (f) projectRepos = [central (http://repo.maven.apache.org/maven2, releases)]
[DEBUG]   (f) release = false
[DEBUG]   (f) repoSession = org.sonatype.aether.util.DefaultRepositorySystemSession@7d5323a1
[DEBUG]   (f) resourceDirectory = C:\Users\3121xNB\Desktop\CS 130\RobotOatmealAndroidApp\RobotOatmealAndroidApp\res
[DEBUG]   (f) resourceOverlayDirectory = C:\Users\3121xNB\Desktop\CS 130\RobotOatmealAndroidApp\RobotOatmealAndroidApp\res-overlay
[DEBUG]   (f) platform = 17
[DEBUG]   (f) sdk = com.jayway.maven.plugins.android.configuration.Sdk@3a6929ba
[DEBUG]   (f) session = org.apache.maven.execution.MavenSession@599f5408
[DEBUG]   (f) sourceDirectory = C:\Users\3121xNB\Desktop\CS 130\RobotOatmealAndroidApp\RobotOatmealAndroidApp\src\main\java
[DEBUG]   (f) undeployBeforeDeploy = false
[DEBUG]   (f) unpackedApkLibsDirectory = C:\Users\3121xNB\Desktop\CS 130\RobotOatmealAndroidApp\RobotOatmealAndroidApp\target\unpack\apklibs
[DEBUG] -- end configuration --
[INFO] ANDROID-904-002: Found aidl files: Count = 0
[INFO] ANDROID-904-002: Found aidl files: Count = 0
[DEBUG] mergeManifests: false
[INFO] Manifest merging disabled. Using project manifest only
[DEBUG] Generating R file for apk
[INFO] C:\Program Files\Android SDK\sdk\platform-tools\aapt.exe [package, -m, -J, C:\Users\3121xNB\Desktop\CS 130\RobotOatmealAndroidApp\RobotOatmealAndroidApp\target\generated-sources\r, -M, C:\Users\3121xNB\Desktop\CS 130\RobotOatmealAndroidApp\RobotOatmealAndroidApp\AndroidManifest.xml, -S, C:\Users\3121xNB\Desktop\CS 130\RobotOatmealAndroidApp\RobotOatmealAndroidApp\res, --auto-add-overlay, -I, C:\Program Files\Android SDK\sdk\platforms\android-17\android.jar]
[INFO] C:\Users\3121xNB\Desktop\CS 130\RobotOatmealAndroidApp\RobotOatmealAndroidApp\res\layout\activity_coupon_detail.xml:1: error: Error: No resource found that matches the given name (at 'paddingBottom' with value '@dimen/activity_vertical_margin').
[INFO] C:\Users\3121xNB\Desktop\CS 130\RobotOatmealAndroidApp\RobotOatmealAndroidApp\res\layout\activity_coupon_detail.xml:1: error: Error: No resource found that matches the given name (at 'paddingLeft' with value '@dimen/activity_horizontal_margin').
[INFO] C:\Users\3121xNB\Desktop\CS 130\RobotOatmealAndroidApp\RobotOatmealAndroidApp\res\layout\activity_coupon_detail.xml:1: error: Error: No resource found that matches the given name (at 'paddingRight' with value '@dimen/activity_horizontal_margin').
[INFO] C:\Users\3121xNB\Desktop\CS 130\RobotOatmealAndroidApp\RobotOatmealAndroidApp\res\layout\activity_coupon_detail.xml:1: error: Error: No resource found that matches the given name (at 'paddingTop' with value '@dimen/activity_vertical_margin').
[INFO] C:\Users\3121xNB\Desktop\CS 130\RobotOatmealAndroidApp\RobotOatmealAndroidApp\res\layout\activity_search_results.xml:1: error: Error: No resource found that matches the given name (at 'paddingBottom' with value '@dimen/activity_vertical_margin').
[INFO] C:\Users\3121xNB\Desktop\CS 130\RobotOatmealAndroidApp\RobotOatmealAndroidApp\res\layout\activity_search_results.xml:1: error: Error: No resource found that matches the given name (at 'paddingLeft' with value '@dimen/activity_horizontal_margin').
[INFO] C:\Users\3121xNB\Desktop\CS 130\RobotOatmealAndroidApp\RobotOatmealAndroidApp\res\layout\activity_search_results.xml:1: error: Error: No resource found that matches the given name (at 'paddingRight' with value '@dimen/activity_horizontal_margin').
[INFO] C:\Users\3121xNB\Desktop\CS 130\RobotOatmealAndroidApp\RobotOatmealAndroidApp\res\layout\activity_search_results.xml:1: error: Error: No resource found that matches the given name (at 'paddingTop' with value '@dimen/activity_vertical_margin').
[DEBUG] ANDROID-040-000: Executed command: Commandline = cmd.exe /X /C ""C:\Program Files\Android SDK\sdk\platform-tools\aapt.exe" package -m -J "C:\Users\3121xNB\Desktop\CS 130\RobotOatmealAndroidApp\RobotOatmealAndroidApp\target\generated-sources\r" -M "C:\Users\3121xNB\Desktop\CS 130\RobotOatmealAndroidApp\RobotOatmealAndroidApp\AndroidManifest.xml" -S "C:\Users\3121xNB\Desktop\CS 130\RobotOatmealAndroidApp\RobotOatmealAndroidApp\res" --auto-add-overlay -I "C:\Program Files\Android SDK\sdk\platforms\android-17\android.jar"", Result = 1
[ERROR] Error when generating sources.
org.apache.maven.plugin.MojoExecutionException: 
	at com.jayway.maven.plugins.android.phase01generatesources.GenerateSourcesMojo.generateR(GenerateSourcesMojo.java:468)
	at com.jayway.maven.plugins.android.phase01generatesources.GenerateSourcesMojo.execute(GenerateSourcesMojo.java:193)
	at org.apache.maven.plugin.DefaultBuildPluginManager.executeMojo(DefaultBuildPluginManager.java:101)
	at org.apache.maven.lifecycle.internal.MojoExecutor.execute(MojoExecutor.java:209)
	at org.apache.maven.lifecycle.internal.MojoExecutor.execute(MojoExecutor.java:153)
	at org.apache.maven.lifecycle.internal.MojoExecutor.execute(MojoExecutor.java:145)
	at org.apache.maven.lifecycle.internal.LifecycleModuleBuilder.buildProject(LifecycleModuleBuilder.java:84)
	at org.apache.maven.lifecycle.internal.LifecycleModuleBuilder.buildProject(LifecycleModuleBuilder.java:59)
	at org.apache.maven.lifecycle.internal.LifecycleStarter.singleThreadedBuild(LifecycleStarter.java:183)
	at org.apache.maven.lifecycle.internal.LifecycleStarter.execute(LifecycleStarter.java:161)
	at org.apache.maven.DefaultMaven.doExecute(DefaultMaven.java:320)
	at org.apache.maven.DefaultMaven.execute(DefaultMaven.java:156)
	at org.apache.maven.cli.MavenCli.execute(MavenCli.java:537)
	at org.apache.maven.cli.MavenCli.doMain(MavenCli.java:196)
	at org.apache.maven.cli.MavenCli.main(MavenCli.java:141)
	at sun.reflect.NativeMethodAccessorImpl.invoke0(Native Method)
	at sun.reflect.NativeMethodAccessorImpl.invoke(NativeMethodAccessorImpl.java:57)
	at sun.reflect.DelegatingMethodAccessorImpl.invoke(DelegatingMethodAccessorImpl.java:43)
	at java.lang.reflect.Method.invoke(Method.java:601)
	at org.codehaus.plexus.classworlds.launcher.Launcher.launchEnhanced(Launcher.java:290)
	at org.codehaus.plexus.classworlds.launcher.Launcher.launch(Launcher.java:230)
	at org.codehaus.plexus.classworlds.launcher.Launcher.mainWithExitCode(Launcher.java:409)
	at org.codehaus.plexus.classworlds.launcher.Launcher.main(Launcher.java:352)
Caused by: com.jayway.maven.plugins.android.ExecutionException: ANDROID-040-001: Could not execute: Command = cmd.exe /X /C ""C:\Program Files\Android SDK\sdk\platform-tools\aapt.exe" package -m -J "C:\Users\3121xNB\Desktop\CS 130\RobotOatmealAndroidApp\RobotOatmealAndroidApp\target\generated-sources\r" -M "C:\Users\3121xNB\Desktop\CS 130\RobotOatmealAndroidApp\RobotOatmealAndroidApp\AndroidManifest.xml" -S "C:\Users\3121xNB\Desktop\CS 130\RobotOatmealAndroidApp\RobotOatmealAndroidApp\res" --auto-add-overlay -I "C:\Program Files\Android SDK\sdk\platforms\android-17\android.jar"", Result = 1
	at com.jayway.maven.plugins.android.CommandExecutor$Factory$1.executeCommand(CommandExecutor.java:339)
	at com.jayway.maven.plugins.android.phase01generatesources.GenerateSourcesMojo.generateR(GenerateSourcesMojo.java:464)
	... 22 more
[INFO] ------------------------------------------------------------------------
[INFO] BUILD FAILURE
[INFO] ------------------------------------------------------------------------
[INFO] Total time: 3.765s
[INFO] Finished at: Wed May 08 22:18:52 PDT 2013
[INFO] Final Memory: 11M/164M
[INFO] ------------------------------------------------------------------------
[ERROR] Failed to execute goal com.jayway.maven.plugins.android.generation2:android-maven-plugin:3.5.0:generate-sources (default-generate-sources) on project RobotOatmealAndroidApp: MojoExecutionException: ANDROID-040-001: Could not execute: Command = cmd.exe /X /C ""C:\Program Files\Android SDK\sdk\platform-tools\aapt.exe" package -m -J "C:\Users\3121xNB\Desktop\CS 130\RobotOatmealAndroidApp\RobotOatmealAndroidApp\target\generated-sources\r" -M "C:\Users\3121xNB\Desktop\CS 130\RobotOatmealAndroidApp\RobotOatmealAndroidApp\AndroidManifest.xml" -S "C:\Users\3121xNB\Desktop\CS 130\RobotOatmealAndroidApp\RobotOatmealAndroidApp\res" --auto-add-overlay -I "C:\Program Files\Android SDK\sdk\platforms\android-17\android.jar"", Result = 1 -> [Help 1]
org.apache.maven.lifecycle.LifecycleExecutionException: Failed to execute goal com.jayway.maven.plugins.android.generation2:android-maven-plugin:3.5.0:generate-sources (default-generate-sources) on project RobotOatmealAndroidApp: 
	at org.apache.maven.lifecycle.internal.MojoExecutor.execute(MojoExecutor.java:217)
	at org.apache.maven.lifecycle.internal.MojoExecutor.execute(MojoExecutor.java:153)
	at org.apache.maven.lifecycle.internal.MojoExecutor.execute(MojoExecutor.java:145)
	at org.apache.maven.lifecycle.internal.LifecycleModuleBuilder.buildProject(LifecycleModuleBuilder.java:84)
	at org.apache.maven.lifecycle.internal.LifecycleModuleBuilder.buildProject(LifecycleModuleBuilder.java:59)
	at org.apache.maven.lifecycle.internal.LifecycleStarter.singleThreadedBuild(LifecycleStarter.java:183)
	at org.apache.maven.lifecycle.internal.LifecycleStarter.execute(LifecycleStarter.java:161)
	at org.apache.maven.DefaultMaven.doExecute(DefaultMaven.java:320)
	at org.apache.maven.DefaultMaven.execute(DefaultMaven.java:156)
	at org.apache.maven.cli.MavenCli.execute(MavenCli.java:537)
	at org.apache.maven.cli.MavenCli.doMain(MavenCli.java:196)
	at org.apache.maven.cli.MavenCli.main(MavenCli.java:141)
	at sun.reflect.NativeMethodAccessorImpl.invoke0(Native Method)
	at sun.reflect.NativeMethodAccessorImpl.invoke(NativeMethodAccessorImpl.java:57)
	at sun.reflect.DelegatingMethodAccessorImpl.invoke(DelegatingMethodAccessorImpl.java:43)
	at java.lang.reflect.Method.invoke(Method.java:601)
	at org.codehaus.plexus.classworlds.launcher.Launcher.launchEnhanced(Launcher.java:290)
	at org.codehaus.plexus.classworlds.launcher.Launcher.launch(Launcher.java:230)
	at org.codehaus.plexus.classworlds.launcher.Launcher.mainWithExitCode(Launcher.java:409)
	at org.codehaus.plexus.classworlds.launcher.Launcher.main(Launcher.java:352)
Caused by: org.apache.maven.plugin.MojoExecutionException: 
	at com.jayway.maven.plugins.android.phase01generatesources.GenerateSourcesMojo.generateR(GenerateSourcesMojo.java:468)
	at com.jayway.maven.plugins.android.phase01generatesources.GenerateSourcesMojo.execute(GenerateSourcesMojo.java:193)
	at org.apache.maven.plugin.DefaultBuildPluginManager.executeMojo(DefaultBuildPluginManager.java:101)
	at org.apache.maven.lifecycle.internal.MojoExecutor.execute(MojoExecutor.java:209)
	... 19 more
Caused by: com.jayway.maven.plugins.android.ExecutionException: ANDROID-040-001: Could not execute: Command = cmd.exe /X /C ""C:\Program Files\Android SDK\sdk\platform-tools\aapt.exe" package -m -J "C:\Users\3121xNB\Desktop\CS 130\RobotOatmealAndroidApp\RobotOatmealAndroidApp\target\generated-sources\r" -M "C:\Users\3121xNB\Desktop\CS 130\RobotOatmealAndroidApp\RobotOatmealAndroidApp\AndroidManifest.xml" -S "C:\Users\3121xNB\Desktop\CS 130\RobotOatmealAndroidApp\RobotOatmealAndroidApp\res" --auto-add-overlay -I "C:\Program Files\Android SDK\sdk\platforms\android-17\android.jar"", Result = 1
	at com.jayway.maven.plugins.android.CommandExecutor$Factory$1.executeCommand(CommandExecutor.java:339)
	at com.jayway.maven.plugins.android.phase01generatesources.GenerateSourcesMojo.generateR(GenerateSourcesMojo.java:464)
	... 22 more
[ERROR] 
[ERROR] 
[ERROR] For more information about the errors and possible solutions, please read the following articles:
[ERROR] [Help 1] http://cwiki.apache.org/confluence/display/MAVEN/MojoExecutionException
